demos/surface/buildout/outputs/logs/manifest-merger-debug-report.txt
-- Merging decision tree log ---
manifest
ADDED from src/main/AndroidManifest.xml:16:1-50:12
INJECTED from src/main/AndroidManifest.xml:16:1-50:12
INJECTED from src/main/AndroidManifest.xml:16:1-50:12
INJECTED from src/main/AndroidManifest.xml:16:1-50:12
MERGED from [:library-dash] AndroidManifest.xml:17:1-24:12
MERGED from [:library-hls] AndroidManifest.xml:17:1-24:12
MERGED from [:library-rtsp] AndroidManifest.xml:17:1-24:12
MERGED from [:library-smoothstreaming] AndroidManifest.xml:17:1-24:12
MERGED from [:library-ui] AndroidManifest.xml:17:1-24:12
MERGED from [:library-core] AndroidManifest.xml:17:1-28:12
MERGED from [:library-datasource] AndroidManifest.xml:17:1-24:12
MERGED from [:library-extractor] AndroidManifest.xml:17:1-24:12
MERGED from [:library-decoder] AndroidManifest.xml:17:1-24:12
MERGED from [:library-database] AndroidManifest.xml:17:1-24:12
MERGED from [:library-common] AndroidManifest.xml:17:1-26:12
MERGED from [androidx.media:media:1.4.3] AndroidManifest.xml:17:1-24:12
MERGED from [androidx.recyclerview:recyclerview:1.2.1] AndroidManifest.xml:17:1-24:12
MERGED from [com.sigma.packer:sigma-packer:1.0.0] AndroidManifest.xml:2:1-11:12
MERGED from [androidx.appcompat:appcompat:1.2.0] AndroidManifest.xml:17:1-24:12
MERGED from [androidx.drawerlayout:drawerlayout:1.0.0] AndroidManifest.xml:17:1-22:12
MERGED from [androidx.fragment:fragment:1.1.0] AndroidManifest.xml:17:1-24:12
MERGED from [androidx.viewpager:viewpager:1.0.0] AndroidManifest.xml:17:1-22:12
MERGED from [androidx.customview:customview:1.0.0] AndroidManifest.xml:17:1-22:12
MERGED from [androidx.appcompat:appcompat-resources:1.2.0] AndroidManifest.xml:17:1-24:12
MERGED from [androidx.loader:loader:1.0.0] AndroidManifest.xml:17:1-22:12
MERGED from [androidx.activity:activity:1.0.0] AndroidManifest.xml:17:1-24:12
MERGED from [androidx.vectordrawable:vectordrawable-animated:1.1.0] AndroidManifest.xml:17:1-24:12
MERGED from [androidx.vectordrawable:vectordrawable:1.1.0] AndroidManifest.xml:17:1-24:12
MERGED from [androidx.core:core:1.7.0] AndroidManifest.xml:17:1-26:12
MERGED from [androidx.lifecycle:lifecycle-runtime:2.3.1] AndroidManifest.xml:17:1-24:12
MERGED from [androidx.versionedparcelable:versionedparcelable:1.1.1] AndroidManifest.xml:17:1-27:12
MERGED from [androidx.lifecycle:lifecycle-livedata:2.0.0] AndroidManifest.xml:17:1-22:12
MERGED from [androidx.lifecycle:lifecycle-livedata-core:2.0.0] AndroidManifest.xml:17:1-22:12
MERGED from [androidx.arch.core:core-runtime:2.1.0] AndroidManifest.xml:17:1-24:12
MERGED from [androidx.savedstate:savedstate:1.0.0] AndroidManifest.xml:17:1-24:12
MERGED from [androidx.cursoradapter:cursoradapter:1.0.0] AndroidManifest.xml:17:1-22:12
MERGED from [androidx.lifecycle:lifecycle-viewmodel:2.1.0] AndroidManifest.xml:17:1-22:12
MERGED from [androidx.interpolator:interpolator:1.0.0] AndroidManifest.xml:17:1-22:12
MERGED from [androidx.annotation:annotation-experimental:1.1.0] AndroidManifest.xml:17:1-24:12
INJECTED from src/main/AndroidManifest.xml:16:1-50:12
INJECTED from src/main/AndroidManifest.xml:16:1-50:12
INJECTED from src/main/AndroidManifest.xml:16:1-50:12
	package
		ADDED from src/main/AndroidManifest.xml:17:5-56
		INJECTED from src/main/AndroidManifest.xml
		INJECTED from src/main/AndroidManifest.xml
	android:versionName
		INJECTED from src/main/AndroidManifest.xml
		ADDED from src/main/AndroidManifest.xml:16:1-50:12
		INJECTED from src/main/AndroidManifest.xml
	android:versionCode
		INJECTED from src/main/AndroidManifest.xml
		ADDED from src/main/AndroidManifest.xml:16:1-50:12
		INJECTED from src/main/AndroidManifest.xml
	xmlns:android
		ADDED from src/main/AndroidManifest.xml:16:11-69
uses-permission#android.permission.INTERNET
ADDED from src/main/AndroidManifest.xml:19:3-64
	android:name
		ADDED from src/main/AndroidManifest.xml:19:20-62
uses-permission#android.permission.READ_EXTERNAL_STORAGE
ADDED from src/main/AndroidManifest.xml:20:3-77
	android:name
		ADDED from src/main/AndroidManifest.xml:20:20-75
uses-sdk
ADDED from src/main/AndroidManifest.xml:22:3-14
INJECTED from src/main/AndroidManifest.xml:22:3-14
INJECTED from src/main/AndroidManifest.xml:22:3-14
MERGED from [:library-dash] AndroidManifest.xml:20:5-22:41
MERGED from [:library-dash] AndroidManifest.xml:20:5-22:41
MERGED from [:library-hls] AndroidManifest.xml:20:5-22:41
MERGED from [:library-hls] AndroidManifest.xml:20:5-22:41
MERGED from [:library-rtsp] AndroidManifest.xml:20:5-22:41
MERGED from [:library-rtsp] AndroidManifest.xml:20:5-22:41
MERGED from [:library-smoothstreaming] AndroidManifest.xml:20:5-22:41
MERGED from [:library-smoothstreaming] AndroidManifest.xml:20:5-22:41
MERGED from [:library-ui] AndroidManifest.xml:20:5-22:41
MERGED from [:library-ui] AndroidManifest.xml:20:5-22:41
MERGED from [:library-core] AndroidManifest.xml:21:5-24:52
MERGED from [:library-core] AndroidManifest.xml:21:5-24:52
MERGED from [:library-datasource] AndroidManifest.xml:20:5-22:41
MERGED from [:library-datasource] AndroidManifest.xml:20:5-22:41
MERGED from [:library-extractor] AndroidManifest.xml:20:5-22:41
MERGED from [:library-extractor] AndroidManifest.xml:20:5-22:41
MERGED from [:library-decoder] AndroidManifest.xml:20:5-22:41
MERGED from [:library-decoder] AndroidManifest.xml:20:5-22:41
MERGED from [:library-database] AndroidManifest.xml:20:5-22:41
MERGED from [:library-database] AndroidManifest.xml:20:5-22:41
MERGED from [:library-common] AndroidManifest.xml:20:5-22:41
MERGED from [:library-common] AndroidManifest.xml:20:5-22:41
MERGED from [androidx.media:media:1.4.3] AndroidManifest.xml:20:5-22:41
MERGED from [androidx.media:media:1.4.3] AndroidManifest.xml:20:5-22:41
MERGED from [androidx.recyclerview:recyclerview:1.2.1] AndroidManifest.xml:20:5-22:41
MERGED from [androidx.recyclerview:recyclerview:1.2.1] AndroidManifest.xml:20:5-22:41
MERGED from [com.sigma.packer:sigma-packer:1.0.0] AndroidManifest.xml:7:5-9:41
MERGED from [com.sigma.packer:sigma-packer:1.0.0] AndroidManifest.xml:7:5-9:41
MERGED from [androidx.appcompat:appcompat:1.2.0] AndroidManifest.xml:20:5-22:41
MERGED from [androidx.appcompat:appcompat:1.2.0] AndroidManifest.xml:20:5-22:41
MERGED from [androidx.drawerlayout:drawerlayout:1.0.0] AndroidManifest.xml:20:5-44
MERGED from [androidx.drawerlayout:drawerlayout:1.0.0] AndroidManifest.xml:20:5-44
MERGED from [androidx.fragment:fragment:1.1.0] AndroidManifest.xml:20:5-22:41
MERGED from [androidx.fragment:fragment:1.1.0] AndroidManifest.xml:20:5-22:41
MERGED from [androidx.viewpager:viewpager:1.0.0] AndroidManifest.xml:20:5-44
MERGED from [androidx.viewpager:viewpager:1.0.0] AndroidManifest.xml:20:5-44
MERGED from [androidx.customview:customview:1.0.0] AndroidManifest.xml:20:5-44
MERGED from [androidx.customview:customview:1.0.0] AndroidManifest.xml:20:5-44
MERGED from [androidx.appcompat:appcompat-resources:1.2.0] AndroidManifest.xml:20:5-22:41
MERGED from [androidx.appcompat:appcompat-resources:1.2.0] AndroidManifest.xml:20:5-22:41
MERGED from [androidx.loader:loader:1.0.0] AndroidManifest.xml:20:5-44
MERGED from [androidx.loader:loader:1.0.0] AndroidManifest.xml:20:5-44
MERGED from [androidx.activity:activity:1.0.0] AndroidManifest.xml:20:5-22:41
MERGED from [androidx.activity:activity:1.0.0] AndroidManifest.xml:20:5-22:41
MERGED from [androidx.vectordrawable:vectordrawable-animated:1.1.0] AndroidManifest.xml:20:5-22:41
MERGED from [androidx.vectordrawable:vectordrawable-animated:1.1.0] AndroidManifest.xml:20:5-22:41
MERGED from [androidx.vectordrawable:vectordrawable:1.1.0] AndroidManifest.xml:20:5-22:41
MERGED from [androidx.vectordrawable:vectordrawable:1.1.0] AndroidManifest.xml:20:5-22:41
MERGED from [androidx.core:core:1.7.0] AndroidManifest.xml:20:5-22:41
MERGED from [androidx.core:core:1.7.0] AndroidManifest.xml:20:5-22:41
MERGED from [androidx.lifecycle:lifecycle-runtime:2.3.1] AndroidManifest.xml:20:5-22:41
MERGED from [androidx.lifecycle:lifecycle-runtime:2.3.1] AndroidManifest.xml:20:5-22:41
MERGED from [androidx.versionedparcelable:versionedparcelable:1.1.1] AndroidManifest.xml:20:5-22:41
MERGED from [androidx.versionedparcelable:versionedparcelable:1.1.1] AndroidManifest.xml:20:5-22:41
MERGED from [androidx.lifecycle:lifecycle-livedata:2.0.0] AndroidManifest.xml:20:5-44
MERGED from [androidx.lifecycle:lifecycle-livedata:2.0.0] AndroidManifest.xml:20:5-44
MERGED from [androidx.lifecycle:lifecycle-livedata-core:2.0.0] AndroidManifest.xml:20:5-44
MERGED from [androidx.lifecycle:lifecycle-livedata-core:2.0.0] AndroidManifest.xml:20:5-44
MERGED from [androidx.arch.core:core-runtime:2.1.0] AndroidManifest.xml:20:5-22:41
MERGED from [androidx.arch.core:core-runtime:2.1.0] AndroidManifest.xml:20:5-22:41
MERGED from [androidx.savedstate:savedstate:1.0.0] AndroidManifest.xml:20:5-22:41
MERGED from [androidx.savedstate:savedstate:1.0.0] AndroidManifest.xml:20:5-22:41
MERGED from [androidx.cursoradapter:cursoradapter:1.0.0] AndroidManifest.xml:20:5-44
MERGED from [androidx.cursoradapter:cursoradapter:1.0.0] AndroidManifest.xml:20:5-44
MERGED from [androidx.lifecycle:lifecycle-viewmodel:2.1.0] AndroidManifest.xml:20:5-44
MERGED from [androidx.lifecycle:lifecycle-viewmodel:2.1.0] AndroidManifest.xml:20:5-44
MERGED from [androidx.interpolator:interpolator:1.0.0] AndroidManifest.xml:20:5-44
MERGED from [androidx.interpolator:interpolator:1.0.0] AndroidManifest.xml:20:5-44
MERGED from [androidx.annotation:annotation-experimental:1.1.0] AndroidManifest.xml:20:5-22:41
MERGED from [androidx.annotation:annotation-experimental:1.1.0] AndroidManifest.xml:20:5-22:41
INJECTED from src/main/AndroidManifest.xml:22:3-14
INJECTED from src/main/AndroidManifest.xml:22:3-14
	tools:overrideLibrary
		ADDED from [:library-core] AndroidManifest.xml:24:9-49
	android:targetSdkVersion
		INJECTED from src/main/AndroidManifest.xml
		ADDED from src/main/AndroidManifest.xml:22:3-14
		INJECTED from src/main/AndroidManifest.xml
	android:minSdkVersion
		INJECTED from src/main/AndroidManifest.xml
		ADDED from src/main/AndroidManifest.xml:22:3-14
		INJECTED from src/main/AndroidManifest.xml
application
ADDED from src/main/AndroidManifest.xml:24:3-48:17
MERGED from [androidx.core:core:1.7.0] AndroidManifest.xml:24:5-89
MERGED from [androidx.core:core:1.7.0] AndroidManifest.xml:24:5-89
MERGED from [androidx.versionedparcelable:versionedparcelable:1.1.1] AndroidManifest.xml:24:5-25:19
MERGED from [androidx.versionedparcelable:versionedparcelable:1.1.1] AndroidManifest.xml:24:5-25:19
	android:appComponentFactory
		ADDED from [androidx.core:core:1.7.0] AndroidManifest.xml:24:18-86
	android:label
		ADDED from src/main/AndroidManifest.xml:27:7-47
	android:exported
		ADDED from src/main/AndroidManifest.xml:28:7-30
	android:icon
		ADDED from src/main/AndroidManifest.xml:26:7-41
	android:allowBackup
		ADDED from src/main/AndroidManifest.xml:25:7-34
activity#com.google.android.exoplayer2.surfacedemo.MainActivity
ADDED from src/main/AndroidManifest.xml:30:5-46:16
	android:exported
		ADDED from src/main/AndroidManifest.xml:32:9-32
	android:name
		ADDED from src/main/AndroidManifest.xml:31:9-37
intent-filter#action:name:android.intent.action.MAIN+category:name:android.intent.category.LAUNCHER
ADDED from src/main/AndroidManifest.xml:33:7-36:23
action#android.intent.action.MAIN
ADDED from src/main/AndroidManifest.xml:34:9-60
	android:name
		ADDED from src/main/AndroidManifest.xml:34:17-58
category#android.intent.category.LAUNCHER
ADDED from src/main/AndroidManifest.xml:35:9-68
	android:name
		ADDED from src/main/AndroidManifest.xml:35:19-66
intent-filter#action:name:com.google.android.exoplayer.surfacedemo.action.VIEW+category:name:android.intent.category.DEFAULT+data:scheme:asset+data:scheme:content+data:scheme:file+data:scheme:http+data:scheme:https
ADDED from src/main/AndroidManifest.xml:37:7-45:23
action#com.google.android.exoplayer.surfacedemo.action.VIEW
ADDED from src/main/AndroidManifest.xml:38:9-86
	android:name
		ADDED from src/main/AndroidManifest.xml:38:17-84
category#android.intent.category.DEFAULT
ADDED from src/main/AndroidManifest.xml:39:9-67
	android:name
		ADDED from src/main/AndroidManifest.xml:39:19-65
data
ADDED from src/main/AndroidManifest.xml:40:9-38
	android:scheme
		ADDED from src/main/AndroidManifest.xml:40:15-36
uses-permission#android.permission.ACCESS_NETWORK_STATE
ADDED from [:library-core] AndroidManifest.xml:26:5-79
MERGED from [:library-common] AndroidManifest.xml:24:5-79
MERGED from [:library-common] AndroidManifest.xml:24:5-79
	android:name
		ADDED from [:library-core] AndroidManifest.xml:26:22-76